<?xml version="1.0" encoding="UTF-8"?>
<Site BuildName="(empty)"
	BuildStamp="20240409-0830-Experimental"
	Name="daniel-LAPRC710"
	Generator="ctest-3.16.3"
	CompilerName="/usr/bin/c++"
	CompilerVersion="9.4.0"
	OSName="Linux"
	Hostname="daniel-LAPRC710"
	OSRelease="5.15.0-101-generic"
	OSVersion="#111~20.04.1-Ubuntu SMP Mon Mar 11 15:44:43 UTC 2024"
	OSPlatform="x86_64"
	Is64Bits="1"
	VendorString="GenuineIntel"
	VendorID="Intel Corporation"
	FamilyID="6"
	ModelID="154"
	ProcessorCacheSize="18432"
	NumberOfLogicalCPU="16"
	NumberOfPhysicalCPU="12"
	TotalVirtualMemory="11724"
	TotalPhysicalMemory="15563"
	LogicalProcessorsPerPhysical="1"
	ProcessorClockFrequency="3879.45"
	>
	<Testing>
		<StartDateTime>Apr 09 18:30 AEST</StartDateTime>
		<StartTestTime>1712651418</StartTestTime>
		<TestList/>
		<EndDateTime>Apr 09 18:30 AEST</EndDateTime>
		<EndTestTime>1712651418</EndTestTime>
		<ElapsedMinutes>0</ElapsedMinutes>
	</Testing>
</Site>
