<?xml version="1.0" encoding="UTF-8"?>
<Site BuildName="(empty)"
	BuildStamp="20240326-0751-Experimental"
	Name="daniel-LAPRC710"
	Generator="ctest-3.16.3"
	CompilerName="/usr/bin/c++"
	CompilerVersion="9.4.0"
	OSName="Linux"
	Hostname="daniel-LAPRC710"
	OSRelease="5.15.0-87-generic"
	OSVersion="#97~20.04.1-Ubuntu SMP Thu Oct 5 08:25:28 UTC 2023"
	OSPlatform="x86_64"
	Is64Bits="1"
	VendorString="GenuineIntel"
	VendorID="Intel Corporation"
	FamilyID="6"
	ModelID="154"
	ProcessorCacheSize="18432"
	NumberOfLogicalCPU="16"
	NumberOfPhysicalCPU="12"
	TotalVirtualMemory="11724"
	TotalPhysicalMemory="15563"
	LogicalProcessorsPerPhysical="1"
	ProcessorClockFrequency="3780.4"
	>
	<Testing>
		<StartDateTime>Mar 26 18:51 AEDT</StartDateTime>
		<StartTestTime>1711439515</StartTestTime>
		<TestList/>
		<EndDateTime>Mar 26 18:51 AEDT</EndDateTime>
		<EndTestTime>1711439515</EndTestTime>
		<ElapsedMinutes>0</ElapsedMinutes>
	</Testing>
</Site>
